<?xml version="1.0" encoding="UTF-8"?>
<robot generator="Robot 4.1.3 (Python 3.8.10 on linux)" generated="20220323 17:20:34.188" rpa="false" schemaversion="2">
<suite id="s1" name="Tests" source="/home/jorge/qaninja/buger-eats-partner-api-tests/tests">
<suite id="s1-s1" name="Delete" source="/home/jorge/qaninja/buger-eats-partner-api-tests/tests/delete.robot">
<test id="s1-s1-t1" name="Should remove a partner">
<kw name="Factory Remove Partner" library="partner">
<var>${partner}</var>
<msg timestamp="20220323 17:20:34.550" level="INFO">${partner} = {'name': 'Casarão', 'email': 'contato@casarao.com.br', 'whatsapp': '11999999999', 'business': 'Restaurante'}</msg>
<status status="PASS" starttime="20220323 17:20:34.549" endtime="20220323 17:20:34.550"/>
</kw>
<kw name="Create a new partner" library="helpers">
<var>${partner_id}</var>
<arg>${partner}</arg>
<kw name="Remove Partner By Name" library="database">
<arg>${partner}[name]</arg>
<kw name="Create Dictionary" library="BuiltIn">
<var>${filter}</var>
<arg>name=${partner_name}</arg>
<doc>Creates and returns a dictionary based on the given ``items``.</doc>
<msg timestamp="20220323 17:20:34.554" level="INFO">${filter} = {'name': 'Casarão'}</msg>
<status status="PASS" starttime="20220323 17:20:34.553" endtime="20220323 17:20:34.554"/>
</kw>
<kw name="Delete One" library="RobotMongoDBLibrary.Delete">
<arg>${MONGO_URI}</arg>
<arg>${filter}</arg>
<status status="PASS" starttime="20220323 17:20:34.555" endtime="20220323 17:20:36.012"/>
</kw>
<status status="PASS" starttime="20220323 17:20:34.552" endtime="20220323 17:20:36.013"/>
</kw>
<kw name="Post Partner" library="services">
<var>${response}</var>
<arg>${partner}</arg>
<kw name="POST" library="RequestsLibrary">
<var>${response}</var>
<arg>${BASE_URL}</arg>
<arg>json=${payload}</arg>
<arg>headers=${HEADERS}</arg>
<arg>expected_status=any</arg>
<doc>Sends a POST request.</doc>
<msg timestamp="20220323 17:20:36.190" level="INFO">POST Request : url=http://localhost:3333/partners 
 path_url=/partners 
 headers={'User-Agent': 'python-requests/2.22.0', 'Accept-Encoding': 'gzip, deflate', 'Accept': '*/*', 'Connection': 'keep-alive', 'Content-Type': 'application/json', 'auth_user': 'qa', 'auth_password': 'ninja', 'Content-Length': '113'} 
 body=b'{"name": "Casar\\u00e3o", "email": "contato@casarao.com.br", "whatsapp": "11999999999", "business": "Restaurante"}' 
 </msg>
<msg timestamp="20220323 17:20:36.190" level="INFO">POST Response : url=http://localhost:3333/partners 
 status=201, reason=Created 
 headers={'X-Powered-By': 'Express', 'Access-Control-Allow-Origin': '*', 'Access-Control-Expose-Headers': 'Authorization,auth_user,auth_password', 'Content-Type': 'application/json; charset=utf-8', 'Content-Length': '41', 'ETag': 'W/"29-hmqxyWwV3pAc8ssbNo4SEcZq6XU"', 'Date': 'Wed, 23 Mar 2022 20:20:36 GMT', 'Connection': 'keep-alive', 'Keep-Alive': 'timeout=5'} 
 body={"partner_id":"623b81148809a8a18cfd7665"} 
 </msg>
<msg timestamp="20220323 17:20:36.191" level="INFO">${response} = &lt;Response [201]&gt;</msg>
<status status="PASS" starttime="20220323 17:20:36.015" endtime="20220323 17:20:36.191"/>
</kw>
<msg timestamp="20220323 17:20:36.192" level="INFO">${response} = &lt;Response [201]&gt;</msg>
<status status="PASS" starttime="20220323 17:20:36.013" endtime="20220323 17:20:36.192"/>
</kw>
<kw name="Set Variable" library="BuiltIn">
<var>${partner_id}</var>
<arg>${response.json()}[partner_id]</arg>
<doc>Returns the given values which can then be assigned to a variables.</doc>
<msg timestamp="20220323 17:20:36.195" level="INFO">${partner_id} = 623b81148809a8a18cfd7665</msg>
<status status="PASS" starttime="20220323 17:20:36.193" endtime="20220323 17:20:36.196"/>
</kw>
<msg timestamp="20220323 17:20:36.197" level="INFO">${partner_id} = 623b81148809a8a18cfd7665</msg>
<status status="PASS" starttime="20220323 17:20:34.550" endtime="20220323 17:20:36.197"/>
</kw>
<kw name="DELETE Partner" library="services">
<arg>${partner_id}</arg>
<kw name="DELETE" library="RequestsLibrary">
<var>${response}</var>
<arg>${BASE_URL}/${partner_id}</arg>
<arg>headers=${HEADERS}</arg>
<arg>expected_status=any</arg>
<doc>Sends a DELETE request.</doc>
<msg timestamp="20220323 17:20:36.374" level="INFO">DELETE Request : url=http://localhost:3333/partners/623b81148809a8a18cfd7665 
 path_url=/partners/623b81148809a8a18cfd7665 
 headers={'User-Agent': 'python-requests/2.22.0', 'Accept-Encoding': 'gzip, deflate', 'Accept': '*/*', 'Connection': 'keep-alive', 'Content-Type': 'application/json', 'auth_user': 'qa', 'auth_password': 'ninja', 'Content-Length': '0'} 
 body=None 
 </msg>
<msg timestamp="20220323 17:20:36.374" level="INFO">DELETE Response : url=http://localhost:3333/partners/623b81148809a8a18cfd7665 
 status=204, reason=No Content 
 headers={'X-Powered-By': 'Express', 'Access-Control-Allow-Origin': '*', 'Access-Control-Expose-Headers': 'Authorization,auth_user,auth_password', 'Date': 'Wed, 23 Mar 2022 20:20:36 GMT', 'Connection': 'keep-alive', 'Keep-Alive': 'timeout=5'} 
 body=None 
 </msg>
<msg timestamp="20220323 17:20:36.375" level="INFO">${response} = &lt;Response [204]&gt;</msg>
<status status="PASS" starttime="20220323 17:20:36.199" endtime="20220323 17:20:36.375"/>
</kw>
<status status="PASS" starttime="20220323 17:20:36.197" endtime="20220323 17:20:36.377"/>
</kw>
<kw name="Status Should Be" library="RequestsLibrary">
<arg>204</arg>
<doc>Fails if response status code is different than the expected.</doc>
<status status="PASS" starttime="20220323 17:20:36.377" endtime="20220323 17:20:36.379"/>
</kw>
<status status="PASS" starttime="20220323 17:20:34.548" endtime="20220323 17:20:36.381"/>
</test>
<test id="s1-s1-t2" name="Should return 404 on remove partner">
<kw name="Factory 404 Partner" library="partner">
<var>${partner}</var>
<msg timestamp="20220323 17:20:36.386" level="INFO">${partner} = {'name': 'Frangão', 'email': 'contato@frangao.com.br', 'whatsapp': '11999999999', 'business': 'Restaurante'}</msg>
<status status="PASS" starttime="20220323 17:20:36.385" endtime="20220323 17:20:36.386"/>
</kw>
<kw name="Create a new partner" library="helpers">
<var>${partner_id}</var>
<arg>${partner}</arg>
<kw name="Remove Partner By Name" library="database">
<arg>${partner}[name]</arg>
<kw name="Create Dictionary" library="BuiltIn">
<var>${filter}</var>
<arg>name=${partner_name}</arg>
<doc>Creates and returns a dictionary based on the given ``items``.</doc>
<msg timestamp="20220323 17:20:36.392" level="INFO">${filter} = {'name': 'Frangão'}</msg>
<status status="PASS" starttime="20220323 17:20:36.390" endtime="20220323 17:20:36.392"/>
</kw>
<kw name="Delete One" library="RobotMongoDBLibrary.Delete">
<arg>${MONGO_URI}</arg>
<arg>${filter}</arg>
<status status="PASS" starttime="20220323 17:20:36.392" endtime="20220323 17:20:37.868"/>
</kw>
<status status="PASS" starttime="20220323 17:20:36.388" endtime="20220323 17:20:37.868"/>
</kw>
<kw name="Post Partner" library="services">
<var>${response}</var>
<arg>${partner}</arg>
<kw name="POST" library="RequestsLibrary">
<var>${response}</var>
<arg>${BASE_URL}</arg>
<arg>json=${payload}</arg>
<arg>headers=${HEADERS}</arg>
<arg>expected_status=any</arg>
<doc>Sends a POST request.</doc>
<msg timestamp="20220323 17:20:38.027" level="INFO">POST Request : url=http://localhost:3333/partners 
 path_url=/partners 
 headers={'User-Agent': 'python-requests/2.22.0', 'Accept-Encoding': 'gzip, deflate', 'Accept': '*/*', 'Connection': 'keep-alive', 'Content-Type': 'application/json', 'auth_user': 'qa', 'auth_password': 'ninja', 'Content-Length': '113'} 
 body=b'{"name": "Frang\\u00e3o", "email": "contato@frangao.com.br", "whatsapp": "11999999999", "business": "Restaurante"}' 
 </msg>
<msg timestamp="20220323 17:20:38.028" level="INFO">POST Response : url=http://localhost:3333/partners 
 status=201, reason=Created 
 headers={'X-Powered-By': 'Express', 'Access-Control-Allow-Origin': '*', 'Access-Control-Expose-Headers': 'Authorization,auth_user,auth_password', 'Content-Type': 'application/json; charset=utf-8', 'Content-Length': '41', 'ETag': 'W/"29-WQu+R8e/GbSkPDUHh81r6LR9KiY"', 'Date': 'Wed, 23 Mar 2022 20:20:38 GMT', 'Connection': 'keep-alive', 'Keep-Alive': 'timeout=5'} 
 body={"partner_id":"623b81158809a8a18cfd7668"} 
 </msg>
<msg timestamp="20220323 17:20:38.028" level="INFO">${response} = &lt;Response [201]&gt;</msg>
<status status="PASS" starttime="20220323 17:20:37.869" endtime="20220323 17:20:38.028"/>
</kw>
<msg timestamp="20220323 17:20:38.028" level="INFO">${response} = &lt;Response [201]&gt;</msg>
<status status="PASS" starttime="20220323 17:20:37.868" endtime="20220323 17:20:38.028"/>
</kw>
<kw name="Set Variable" library="BuiltIn">
<var>${partner_id}</var>
<arg>${response.json()}[partner_id]</arg>
<doc>Returns the given values which can then be assigned to a variables.</doc>
<msg timestamp="20220323 17:20:38.029" level="INFO">${partner_id} = 623b81158809a8a18cfd7668</msg>
<status status="PASS" starttime="20220323 17:20:38.028" endtime="20220323 17:20:38.029"/>
</kw>
<msg timestamp="20220323 17:20:38.029" level="INFO">${partner_id} = 623b81158809a8a18cfd7668</msg>
<status status="PASS" starttime="20220323 17:20:36.387" endtime="20220323 17:20:38.029"/>
</kw>
<kw name="Remove Partner By Name" library="database">
<arg>${partner}[name]</arg>
<kw name="Create Dictionary" library="BuiltIn">
<var>${filter}</var>
<arg>name=${partner_name}</arg>
<doc>Creates and returns a dictionary based on the given ``items``.</doc>
<msg timestamp="20220323 17:20:38.030" level="INFO">${filter} = {'name': 'Frangão'}</msg>
<status status="PASS" starttime="20220323 17:20:38.029" endtime="20220323 17:20:38.030"/>
</kw>
<kw name="Delete One" library="RobotMongoDBLibrary.Delete">
<arg>${MONGO_URI}</arg>
<arg>${filter}</arg>
<status status="PASS" starttime="20220323 17:20:38.030" endtime="20220323 17:20:39.502"/>
</kw>
<status status="PASS" starttime="20220323 17:20:38.029" endtime="20220323 17:20:39.503"/>
</kw>
<kw name="DELETE Partner" library="services">
<arg>${partner_id}</arg>
<kw name="DELETE" library="RequestsLibrary">
<var>${response}</var>
<arg>${BASE_URL}/${partner_id}</arg>
<arg>headers=${HEADERS}</arg>
<arg>expected_status=any</arg>
<doc>Sends a DELETE request.</doc>
<msg timestamp="20220323 17:20:39.677" level="INFO">DELETE Request : url=http://localhost:3333/partners/623b81158809a8a18cfd7668 
 path_url=/partners/623b81158809a8a18cfd7668 
 headers={'User-Agent': 'python-requests/2.22.0', 'Accept-Encoding': 'gzip, deflate', 'Accept': '*/*', 'Connection': 'keep-alive', 'Content-Type': 'application/json', 'auth_user': 'qa', 'auth_password': 'ninja', 'Content-Length': '0'} 
 body=None 
 </msg>
<msg timestamp="20220323 17:20:39.678" level="INFO">DELETE Response : url=http://localhost:3333/partners/623b81158809a8a18cfd7668 
 status=404, reason=Not Found 
 headers={'X-Powered-By': 'Express', 'Access-Control-Allow-Origin': '*', 'Access-Control-Expose-Headers': 'Authorization,auth_user,auth_password', 'Date': 'Wed, 23 Mar 2022 20:20:39 GMT', 'Connection': 'keep-alive', 'Keep-Alive': 'timeout=5', 'Content-Length': '0'} 
 body=None 
 </msg>
<msg timestamp="20220323 17:20:39.678" level="INFO">${response} = &lt;Response [404]&gt;</msg>
<status status="PASS" starttime="20220323 17:20:39.505" endtime="20220323 17:20:39.678"/>
</kw>
<status status="PASS" starttime="20220323 17:20:39.503" endtime="20220323 17:20:39.679"/>
</kw>
<kw name="Status Should Be" library="RequestsLibrary">
<arg>404</arg>
<doc>Fails if response status code is different than the expected.</doc>
<status status="PASS" starttime="20220323 17:20:39.680" endtime="20220323 17:20:39.681"/>
</kw>
<status status="PASS" starttime="20220323 17:20:36.382" endtime="20220323 17:20:39.681"/>
</test>
<doc>DELETE /partners</doc>
<status status="PASS" starttime="20220323 17:20:34.207" endtime="20220323 17:20:39.685"/>
</suite>
<suite id="s1-s2" name="Get" source="/home/jorge/qaninja/buger-eats-partner-api-tests/tests/get.robot">
<kw name="Create Partner List" type="SETUP">
<kw name="Factory Partner List" library="partner">
<var>${partners}</var>
<msg timestamp="20220323 17:20:39.711" level="INFO">${partners} = [{'name': 'Adega do Pedro', 'email': 'contato@jpedro.com.br', 'whatsapp': '13999999999', 'business': 'Conveniência'}, {'name': 'mercabom', 'email': 'contato@mercabom.com.br', 'whatsapp': '11999999999'...</msg>
<status status="PASS" starttime="20220323 17:20:39.709" endtime="20220323 17:20:39.712"/>
</kw>
<for flavor="IN">
<var>${p}</var>
<value>@{partners}</value>
<iter>
<var name="${p}">{'name': 'Adega do Pedro', 'email': 'contato@jpedro.com.br', 'whatsapp': '13999999999', 'business': 'Conveniência'}</var>
<kw name="Post Partner" library="services">
<arg>${p}</arg>
<kw name="POST" library="RequestsLibrary">
<var>${response}</var>
<arg>${BASE_URL}</arg>
<arg>json=${payload}</arg>
<arg>headers=${HEADERS}</arg>
<arg>expected_status=any</arg>
<doc>Sends a POST request.</doc>
<msg timestamp="20220323 17:20:39.916" level="INFO">POST Request : url=http://localhost:3333/partners 
 path_url=/partners 
 headers={'User-Agent': 'python-requests/2.22.0', 'Accept-Encoding': 'gzip, deflate', 'Accept': '*/*', 'Connection': 'keep-alive', 'Content-Type': 'application/json', 'auth_user': 'qa', 'auth_password': 'ninja', 'Content-Length': '120'} 
 body=b'{"name": "Adega do Pedro", "email": "contato@jpedro.com.br", "whatsapp": "13999999999", "business": "Conveni\\u00eancia"}' 
 </msg>
<msg timestamp="20220323 17:20:39.917" level="INFO">POST Response : url=http://localhost:3333/partners 
 status=409, reason=Conflict 
 headers={'X-Powered-By': 'Express', 'Access-Control-Allow-Origin': '*', 'Access-Control-Expose-Headers': 'Authorization,auth_user,auth_password', 'Content-Type': 'application/json; charset=utf-8', 'Content-Length': '36', 'ETag': 'W/"24-npRjBxR/ioA1Ds6xvIHfcGoYoY4"', 'Date': 'Wed, 23 Mar 2022 20:20:39 GMT', 'Connection': 'keep-alive', 'Keep-Alive': 'timeout=5'} 
 body={"message":"Duplicate company name"} 
 </msg>
<msg timestamp="20220323 17:20:39.917" level="INFO">${response} = &lt;Response [409]&gt;</msg>
<status status="PASS" starttime="20220323 17:20:39.716" endtime="20220323 17:20:39.917"/>
</kw>
<status status="PASS" starttime="20220323 17:20:39.715" endtime="20220323 17:20:39.918"/>
</kw>
<status status="PASS" starttime="20220323 17:20:39.714" endtime="20220323 17:20:39.918"/>
</iter>
<iter>
<var name="${p}">{'name': 'mercabom', 'email': 'contato@mercabom.com.br', 'whatsapp': '11999999999', 'business': 'Supermercado'}</var>
<kw name="Post Partner" library="services">
<arg>${p}</arg>
<kw name="POST" library="RequestsLibrary">
<var>${response}</var>
<arg>${BASE_URL}</arg>
<arg>json=${payload}</arg>
<arg>headers=${HEADERS}</arg>
<arg>expected_status=any</arg>
<doc>Sends a POST request.</doc>
<msg timestamp="20220323 17:20:40.091" level="INFO">POST Request : url=http://localhost:3333/partners 
 path_url=/partners 
 headers={'User-Agent': 'python-requests/2.22.0', 'Accept-Encoding': 'gzip, deflate', 'Accept': '*/*', 'Connection': 'keep-alive', 'Content-Type': 'application/json', 'auth_user': 'qa', 'auth_password': 'ninja', 'Content-Length': '111'} 
 body=b'{"name": "mercabom", "email": "contato@mercabom.com.br", "whatsapp": "11999999999", "business": "Supermercado"}' 
 </msg>
<msg timestamp="20220323 17:20:40.091" level="INFO">POST Response : url=http://localhost:3333/partners 
 status=409, reason=Conflict 
 headers={'X-Powered-By': 'Express', 'Access-Control-Allow-Origin': '*', 'Access-Control-Expose-Headers': 'Authorization,auth_user,auth_password', 'Content-Type': 'application/json; charset=utf-8', 'Content-Length': '29', 'ETag': 'W/"1d-KaYMAApfZd+Hsi4sqiDWKxrzBQU"', 'Date': 'Wed, 23 Mar 2022 20:20:40 GMT', 'Connection': 'keep-alive', 'Keep-Alive': 'timeout=5'} 
 body={"message":"Duplicate email"} 
 </msg>
<msg timestamp="20220323 17:20:40.091" level="INFO">${response} = &lt;Response [409]&gt;</msg>
<status status="PASS" starttime="20220323 17:20:39.920" endtime="20220323 17:20:40.092"/>
</kw>
<status status="PASS" starttime="20220323 17:20:39.919" endtime="20220323 17:20:40.092"/>
</kw>
<status status="PASS" starttime="20220323 17:20:39.918" endtime="20220323 17:20:40.092"/>
</iter>
<iter>
<var name="${p}">{'name': 'Do Papa', 'email': 'contato@papa.com.br', 'whatsapp': '15999999999', 'business': 'Restaurante'}</var>
<kw name="Post Partner" library="services">
<arg>${p}</arg>
<kw name="POST" library="RequestsLibrary">
<var>${response}</var>
<arg>${BASE_URL}</arg>
<arg>json=${payload}</arg>
<arg>headers=${HEADERS}</arg>
<arg>expected_status=any</arg>
<doc>Sends a POST request.</doc>
<msg timestamp="20220323 17:20:40.260" level="INFO">POST Request : url=http://localhost:3333/partners 
 path_url=/partners 
 headers={'User-Agent': 'python-requests/2.22.0', 'Accept-Encoding': 'gzip, deflate', 'Accept': '*/*', 'Connection': 'keep-alive', 'Content-Type': 'application/json', 'auth_user': 'qa', 'auth_password': 'ninja', 'Content-Length': '105'} 
 body=b'{"name": "Do Papa", "email": "contato@papa.com.br", "whatsapp": "15999999999", "business": "Restaurante"}' 
 </msg>
<msg timestamp="20220323 17:20:40.261" level="INFO">POST Response : url=http://localhost:3333/partners 
 status=409, reason=Conflict 
 headers={'X-Powered-By': 'Express', 'Access-Control-Allow-Origin': '*', 'Access-Control-Expose-Headers': 'Authorization,auth_user,auth_password', 'Content-Type': 'application/json; charset=utf-8', 'Content-Length': '36', 'ETag': 'W/"24-npRjBxR/ioA1Ds6xvIHfcGoYoY4"', 'Date': 'Wed, 23 Mar 2022 20:20:40 GMT', 'Connection': 'keep-alive', 'Keep-Alive': 'timeout=5'} 
 body={"message":"Duplicate company name"} 
 </msg>
<msg timestamp="20220323 17:20:40.261" level="INFO">${response} = &lt;Response [409]&gt;</msg>
<status status="PASS" starttime="20220323 17:20:40.093" endtime="20220323 17:20:40.261"/>
</kw>
<status status="PASS" starttime="20220323 17:20:40.093" endtime="20220323 17:20:40.262"/>
</kw>
<status status="PASS" starttime="20220323 17:20:40.092" endtime="20220323 17:20:40.262"/>
</iter>
<status status="PASS" starttime="20220323 17:20:39.712" endtime="20220323 17:20:40.262"/>
</for>
<status status="PASS" starttime="20220323 17:20:39.707" endtime="20220323 17:20:40.263"/>
</kw>
<test id="s1-s2-t1" name="Should return a partner list">
<kw name="GET Partners" library="services">
<var>${response}</var>
<kw name="GET" library="RequestsLibrary">
<var>${response}</var>
<arg>${BASE_URL}</arg>
<arg>headers=${HEADERS}</arg>
<arg>expected_status=any</arg>
<doc>Sends a GET request.</doc>
<msg timestamp="20220323 17:20:40.434" level="INFO">GET Request : url=http://localhost:3333/partners 
 path_url=/partners 
 headers={'User-Agent': 'python-requests/2.22.0', 'Accept-Encoding': 'gzip, deflate', 'Accept': '*/*', 'Connection': 'keep-alive', 'Content-Type': 'application/json', 'auth_user': 'qa', 'auth_password': 'ninja'} 
 body=None 
 </msg>
<msg timestamp="20220323 17:20:40.434" level="INFO">GET Response : url=http://localhost:3333/partners 
 status=200, reason=OK 
 headers={'X-Powered-By': 'Express', 'Access-Control-Allow-Origin': '*', 'Access-Control-Expose-Headers': 'Authorization,auth_user,auth_password', 'Content-Type': 'application/json; charset=utf-8', 'Content-Length': '1405', 'ETag': 'W/"57d-I/+uBiyGSV0NMbrN3FH12MJ/uTs"', 'Date': 'Wed, 23 Mar 2022 20:20:40 GMT', 'Connection': 'keep-alive', 'Keep-Alive': 'timeout=5'} 
 body=[{"_id":"623b81058809a8a18cfd765b","name":"Casa do Cabral","email":"contato@cabral.com.br","whatsapp":"11999999999","business":"Restaurante","active":false,"created_at":"2022-03-23T20:20:21.815Z","updated_at":"2022-03-23T20:20:22.158Z"},{"_id":"623b81028809a8a18cfd7654","name":"Adega do João","email":"contato@joao.com.br","whatsapp":"11999999999","business":"Restaurante","active":false,"created_at":"2022-03-23T20:20:18.205Z","updated_at":"2022-03-23T20:20:18.205Z"},{"_id":"623b80fe8809a8a18cfd7652","name":"Pizzas Papito","email":"contato@papito.com.br","whatsapp":"11999999999","business":"Restaurante","active":false,"created_at":"2022-03-23T20:20:14.940Z","updated_at":"2022-03-23T20:20:14.940Z"},{"_id":"6238a721bf00962a9d49301c","name":"Do Papa","email":"contato@papa.com.br","whatsapp":"15999999999","business":"Restaurante","active":false,"created_at":"2022-03-21T16:26:09.188Z","updated_at":"2022-03-21T16:26:09.188Z"},{"_id":"6238a720bf00962a9d49301a","name":"mercabom ","email":"contato@mercabom.com.br","whatsapp":"11999999999","business":"Supermercado","active":false,"created_at":"2022-03-21T16:26:08.999Z","updated_at":"2022-03-21T16:26:08.999Z"},{"_id":"6238a720bf00962a9d493018","name":"Adega do Pedro","email":"contato@jpedro.com.br","whatsapp":"13999999999","business":"Conveniência","active":false,"created_at":"2022-03-21T16:26:08.598Z","updated_at":"2022-03-21T16:26:08.598Z"}] 
 </msg>
<msg timestamp="20220323 17:20:40.434" level="INFO">${response} = &lt;Response [200]&gt;</msg>
<status status="PASS" starttime="20220323 17:20:40.266" endtime="20220323 17:20:40.434"/>
</kw>
<msg timestamp="20220323 17:20:40.434" level="INFO">${response} = &lt;Response [200]&gt;</msg>
<status status="PASS" starttime="20220323 17:20:40.265" endtime="20220323 17:20:40.434"/>
</kw>
<kw name="Status Should Be" library="RequestsLibrary">
<arg>200</arg>
<doc>Fails if response status code is different than the expected.</doc>
<status status="PASS" starttime="20220323 17:20:40.434" endtime="20220323 17:20:40.434"/>
</kw>
<kw name="Get Length" library="BuiltIn">
<var>${size}</var>
<arg>${response.json()}</arg>
<doc>Returns and logs the length of the given item as an integer.</doc>
<msg timestamp="20220323 17:20:40.435" level="INFO">Length is 6</msg>
<msg timestamp="20220323 17:20:40.435" level="INFO">${size} = 6</msg>
<status status="PASS" starttime="20220323 17:20:40.435" endtime="20220323 17:20:40.435"/>
</kw>
<kw name="Should Be True" library="BuiltIn">
<arg>${size} &gt; 0</arg>
<doc>Fails if the given condition is not true.</doc>
<status status="PASS" starttime="20220323 17:20:40.435" endtime="20220323 17:20:40.436"/>
</kw>
<status status="PASS" starttime="20220323 17:20:40.263" endtime="20220323 17:20:40.436"/>
</test>
<test id="s1-s2-t2" name="Should search partner by name">
<kw name="Search Partner" library="services">
<var>${response}</var>
<arg>Do Papa</arg>
<kw name="Create Dictionary" library="BuiltIn">
<var>${query}</var>
<arg>name=${name}</arg>
<doc>Creates and returns a dictionary based on the given ``items``.</doc>
<msg timestamp="20220323 17:20:40.437" level="INFO">${query} = {'name': 'Do Papa'}</msg>
<status status="PASS" starttime="20220323 17:20:40.436" endtime="20220323 17:20:40.437"/>
</kw>
<kw name="GET" library="RequestsLibrary">
<var>${response}</var>
<arg>${BASE_URL}</arg>
<arg>params=${query}</arg>
<arg>headers=${HEADERS}</arg>
<arg>expected_status=any</arg>
<doc>Sends a GET request.</doc>
<msg timestamp="20220323 17:20:40.593" level="INFO">GET Request : url=http://localhost:3333/partners?name=Do+Papa 
 path_url=/partners?name=Do+Papa 
 headers={'User-Agent': 'python-requests/2.22.0', 'Accept-Encoding': 'gzip, deflate', 'Accept': '*/*', 'Connection': 'keep-alive', 'Content-Type': 'application/json', 'auth_user': 'qa', 'auth_password': 'ninja'} 
 body=None 
 </msg>
<msg timestamp="20220323 17:20:40.593" level="INFO">GET Response : url=http://localhost:3333/partners?name=Do+Papa 
 status=200, reason=OK 
 headers={'X-Powered-By': 'Express', 'Access-Control-Allow-Origin': '*', 'Access-Control-Expose-Headers': 'Authorization,auth_user,auth_password', 'Content-Type': 'application/json; charset=utf-8', 'Content-Length': '228', 'ETag': 'W/"e4-OjfDWkQJqCwPWWnAxKLi4S1qViw"', 'Date': 'Wed, 23 Mar 2022 20:20:40 GMT', 'Connection': 'keep-alive', 'Keep-Alive': 'timeout=5'} 
 body=[{"_id":"6238a721bf00962a9d49301c","name":"Do Papa","email":"contato@papa.com.br","whatsapp":"15999999999","business":"Restaurante","active":false,"created_at":"2022-03-21T16:26:09.188Z","updated_at":"2022-03-21T16:26:09.188Z"}] 
 </msg>
<msg timestamp="20220323 17:20:40.593" level="INFO">${response} = &lt;Response [200]&gt;</msg>
<status status="PASS" starttime="20220323 17:20:40.437" endtime="20220323 17:20:40.593"/>
</kw>
<msg timestamp="20220323 17:20:40.594" level="INFO">${response} = &lt;Response [200]&gt;</msg>
<status status="PASS" starttime="20220323 17:20:40.436" endtime="20220323 17:20:40.594"/>
</kw>
<kw name="Status Should Be" library="RequestsLibrary">
<arg>200</arg>
<doc>Fails if response status code is different than the expected.</doc>
<status status="PASS" starttime="20220323 17:20:40.594" endtime="20220323 17:20:40.594"/>
</kw>
<kw name="Get Length" library="BuiltIn">
<var>${size}</var>
<arg>${response.json()}</arg>
<doc>Returns and logs the length of the given item as an integer.</doc>
<msg timestamp="20220323 17:20:40.595" level="INFO">Length is 1</msg>
<msg timestamp="20220323 17:20:40.595" level="INFO">${size} = 1</msg>
<status status="PASS" starttime="20220323 17:20:40.594" endtime="20220323 17:20:40.595"/>
</kw>
<kw name="Should Be True" library="BuiltIn">
<arg>${size} == 1</arg>
<doc>Fails if the given condition is not true.</doc>
<status status="PASS" starttime="20220323 17:20:40.595" endtime="20220323 17:20:40.596"/>
</kw>
<kw name="Should Be Equal" library="BuiltIn">
<arg>${response.json()}[0][name]</arg>
<arg>Do Papa</arg>
<doc>Fails if the given objects are unequal.</doc>
<status status="PASS" starttime="20220323 17:20:40.596" endtime="20220323 17:20:40.596"/>
</kw>
<status status="PASS" starttime="20220323 17:20:40.436" endtime="20220323 17:20:40.597"/>
</test>
<doc>GET /partners</doc>
<status status="PASS" starttime="20220323 17:20:39.688" endtime="20220323 17:20:40.597"/>
</suite>
<suite id="s1-s3" name="Post" source="/home/jorge/qaninja/buger-eats-partner-api-tests/tests/post.robot">
<test id="s1-s3-t1" name="Should create a new partner">
<kw name="Factory New Partner" library="partner">
<var>${payload}</var>
<msg timestamp="20220323 17:20:40.602" level="INFO">${payload} = {'name': 'Pizzas Papito', 'email': 'contato@papito.com.br', 'whatsapp': '11999999999', 'business': 'Restaurante'}</msg>
<status status="PASS" starttime="20220323 17:20:40.602" endtime="20220323 17:20:40.602"/>
</kw>
<kw name="Remove Partner By Name" library="database">
<arg>${payload}[name]</arg>
<kw name="Create Dictionary" library="BuiltIn">
<var>${filter}</var>
<arg>name=${partner_name}</arg>
<doc>Creates and returns a dictionary based on the given ``items``.</doc>
<msg timestamp="20220323 17:20:40.603" level="INFO">${filter} = {'name': 'Pizzas Papito'}</msg>
<status status="PASS" starttime="20220323 17:20:40.602" endtime="20220323 17:20:40.603"/>
</kw>
<kw name="Delete One" library="RobotMongoDBLibrary.Delete">
<arg>${MONGO_URI}</arg>
<arg>${filter}</arg>
<status status="PASS" starttime="20220323 17:20:40.603" endtime="20220323 17:20:42.076"/>
</kw>
<status status="PASS" starttime="20220323 17:20:40.602" endtime="20220323 17:20:42.077"/>
</kw>
<kw name="Post Partner" library="services">
<var>${response}</var>
<arg>${payload}</arg>
<kw name="POST" library="RequestsLibrary">
<var>${response}</var>
<arg>${BASE_URL}</arg>
<arg>json=${payload}</arg>
<arg>headers=${HEADERS}</arg>
<arg>expected_status=any</arg>
<doc>Sends a POST request.</doc>
<msg timestamp="20220323 17:20:42.258" level="INFO">POST Request : url=http://localhost:3333/partners 
 path_url=/partners 
 headers={'User-Agent': 'python-requests/2.22.0', 'Accept-Encoding': 'gzip, deflate', 'Accept': '*/*', 'Connection': 'keep-alive', 'Content-Type': 'application/json', 'auth_user': 'qa', 'auth_password': 'ninja', 'Content-Length': '113'} 
 body=b'{"name": "Pizzas Papito", "email": "contato@papito.com.br", "whatsapp": "11999999999", "business": "Restaurante"}' 
 </msg>
<msg timestamp="20220323 17:20:42.258" level="INFO">POST Response : url=http://localhost:3333/partners 
 status=201, reason=Created 
 headers={'X-Powered-By': 'Express', 'Access-Control-Allow-Origin': '*', 'Access-Control-Expose-Headers': 'Authorization,auth_user,auth_password', 'Content-Type': 'application/json; charset=utf-8', 'Content-Length': '41', 'ETag': 'W/"29-6mOuYnSCMv0iWa5whxIcoZC6I3s"', 'Date': 'Wed, 23 Mar 2022 20:20:42 GMT', 'Connection': 'keep-alive', 'Keep-Alive': 'timeout=5'} 
 body={"partner_id":"623b811a8809a8a18cfd7673"} 
 </msg>
<msg timestamp="20220323 17:20:42.259" level="INFO">${response} = &lt;Response [201]&gt;</msg>
<status status="PASS" starttime="20220323 17:20:42.079" endtime="20220323 17:20:42.259"/>
</kw>
<msg timestamp="20220323 17:20:42.260" level="INFO">${response} = &lt;Response [201]&gt;</msg>
<status status="PASS" starttime="20220323 17:20:42.077" endtime="20220323 17:20:42.260"/>
</kw>
<kw name="Status Should Be" library="RequestsLibrary">
<arg>201</arg>
<doc>Fails if response status code is different than the expected.</doc>
<status status="PASS" starttime="20220323 17:20:42.261" endtime="20220323 17:20:42.261"/>
</kw>
<kw name="Find Partner By name" library="database">
<var>${result}</var>
<arg>${payload}[name]</arg>
<kw name="Create Dictionary" library="BuiltIn">
<var>${filter}</var>
<arg>name=${partner_name}</arg>
<doc>Creates and returns a dictionary based on the given ``items``.</doc>
<msg timestamp="20220323 17:20:42.267" level="INFO">${filter} = {'name': 'Pizzas Papito'}</msg>
<status status="PASS" starttime="20220323 17:20:42.265" endtime="20220323 17:20:42.268"/>
</kw>
<kw name="Find" library="RobotMongoDBLibrary.Find">
<var>${results}</var>
<arg>${MONGO_URI}</arg>
<arg>${filter}</arg>
<msg timestamp="20220323 17:20:43.792" level="INFO">${results} = [{'_id': '623b811a8809a8a18cfd7673', 'name': 'Pizzas Papito', 'email': 'contato@papito.com.br', 'whatsapp': '11999999999', 'business': 'Restaurante', 'active': False, 'created_at': datetime.datetime(2...</msg>
<status status="PASS" starttime="20220323 17:20:42.268" endtime="20220323 17:20:43.792"/>
</kw>
<msg timestamp="20220323 17:20:43.794" level="INFO">${result} = {'_id': '623b811a8809a8a18cfd7673', 'name': 'Pizzas Papito', 'email': 'contato@papito.com.br', 'whatsapp': '11999999999', 'business': 'Restaurante', 'active': False, 'created_at': datetime.datetime(20...</msg>
<status status="PASS" starttime="20220323 17:20:42.262" endtime="20220323 17:20:43.794"/>
</kw>
<kw name="Should Be Equal" library="BuiltIn">
<arg>${response.json()}[partner_id]</arg>
<arg>${result}[_id]</arg>
<doc>Fails if the given objects are unequal.</doc>
<status status="PASS" starttime="20220323 17:20:43.795" endtime="20220323 17:20:43.800"/>
</kw>
<status status="PASS" starttime="20220323 17:20:40.601" endtime="20220323 17:20:43.801"/>
</test>
<test id="s1-s3-t2" name="Should return duplicate company name">
<kw name="Factory Dup Name" library="partner">
<var>${payload}</var>
<msg timestamp="20220323 17:20:43.807" level="INFO">${payload} = {'name': 'Adega do João', 'email': 'contato@joao.com.br', 'whatsapp': '11999999999', 'business': 'Restaurante'}</msg>
<status status="PASS" starttime="20220323 17:20:43.806" endtime="20220323 17:20:43.807"/>
</kw>
<kw name="Remove Partner By Name" library="database">
<arg>${payload}[name]</arg>
<kw name="Create Dictionary" library="BuiltIn">
<var>${filter}</var>
<arg>name=${partner_name}</arg>
<doc>Creates and returns a dictionary based on the given ``items``.</doc>
<msg timestamp="20220323 17:20:43.812" level="INFO">${filter} = {'name': 'Adega do João'}</msg>
<status status="PASS" starttime="20220323 17:20:43.810" endtime="20220323 17:20:43.812"/>
</kw>
<kw name="Delete One" library="RobotMongoDBLibrary.Delete">
<arg>${MONGO_URI}</arg>
<arg>${filter}</arg>
<status status="PASS" starttime="20220323 17:20:43.813" endtime="20220323 17:20:45.321"/>
</kw>
<status status="PASS" starttime="20220323 17:20:43.808" endtime="20220323 17:20:45.322"/>
</kw>
<kw name="Post Partner" library="services">
<arg>${payload}</arg>
<kw name="POST" library="RequestsLibrary">
<var>${response}</var>
<arg>${BASE_URL}</arg>
<arg>json=${payload}</arg>
<arg>headers=${HEADERS}</arg>
<arg>expected_status=any</arg>
<doc>Sends a POST request.</doc>
<msg timestamp="20220323 17:20:45.494" level="INFO">POST Request : url=http://localhost:3333/partners 
 path_url=/partners 
 headers={'User-Agent': 'python-requests/2.22.0', 'Accept-Encoding': 'gzip, deflate', 'Accept': '*/*', 'Connection': 'keep-alive', 'Content-Type': 'application/json', 'auth_user': 'qa', 'auth_password': 'ninja', 'Content-Length': '116'} 
 body=b'{"name": "Adega do Jo\\u00e3o", "email": "contato@joao.com.br", "whatsapp": "11999999999", "business": "Restaurante"}' 
 </msg>
<msg timestamp="20220323 17:20:45.494" level="INFO">POST Response : url=http://localhost:3333/partners 
 status=201, reason=Created 
 headers={'X-Powered-By': 'Express', 'Access-Control-Allow-Origin': '*', 'Access-Control-Expose-Headers': 'Authorization,auth_user,auth_password', 'Content-Type': 'application/json; charset=utf-8', 'Content-Length': '41', 'ETag': 'W/"29-4kWg86/rtDNpRuCUzZ0EJQPkyl8"', 'Date': 'Wed, 23 Mar 2022 20:20:45 GMT', 'Connection': 'keep-alive', 'Keep-Alive': 'timeout=5'} 
 body={"partner_id":"623b811d8809a8a18cfd7675"} 
 </msg>
<msg timestamp="20220323 17:20:45.494" level="INFO">${response} = &lt;Response [201]&gt;</msg>
<status status="PASS" starttime="20220323 17:20:45.324" endtime="20220323 17:20:45.494"/>
</kw>
<status status="PASS" starttime="20220323 17:20:45.323" endtime="20220323 17:20:45.494"/>
</kw>
<kw name="Post Partner" library="services">
<var>${response}</var>
<arg>${payload}</arg>
<kw name="POST" library="RequestsLibrary">
<var>${response}</var>
<arg>${BASE_URL}</arg>
<arg>json=${payload}</arg>
<arg>headers=${HEADERS}</arg>
<arg>expected_status=any</arg>
<doc>Sends a POST request.</doc>
<msg timestamp="20220323 17:20:45.657" level="INFO">POST Request : url=http://localhost:3333/partners 
 path_url=/partners 
 headers={'User-Agent': 'python-requests/2.22.0', 'Accept-Encoding': 'gzip, deflate', 'Accept': '*/*', 'Connection': 'keep-alive', 'Content-Type': 'application/json', 'auth_user': 'qa', 'auth_password': 'ninja', 'Content-Length': '116'} 
 body=b'{"name": "Adega do Jo\\u00e3o", "email": "contato@joao.com.br", "whatsapp": "11999999999", "business": "Restaurante"}' 
 </msg>
<msg timestamp="20220323 17:20:45.657" level="INFO">POST Response : url=http://localhost:3333/partners 
 status=409, reason=Conflict 
 headers={'X-Powered-By': 'Express', 'Access-Control-Allow-Origin': '*', 'Access-Control-Expose-Headers': 'Authorization,auth_user,auth_password', 'Content-Type': 'application/json; charset=utf-8', 'Content-Length': '36', 'ETag': 'W/"24-npRjBxR/ioA1Ds6xvIHfcGoYoY4"', 'Date': 'Wed, 23 Mar 2022 20:20:45 GMT', 'Connection': 'keep-alive', 'Keep-Alive': 'timeout=5'} 
 body={"message":"Duplicate company name"} 
 </msg>
<msg timestamp="20220323 17:20:45.657" level="INFO">${response} = &lt;Response [409]&gt;</msg>
<status status="PASS" starttime="20220323 17:20:45.495" endtime="20220323 17:20:45.657"/>
</kw>
<msg timestamp="20220323 17:20:45.658" level="INFO">${response} = &lt;Response [409]&gt;</msg>
<status status="PASS" starttime="20220323 17:20:45.495" endtime="20220323 17:20:45.658"/>
</kw>
<kw name="Status Should Be" library="RequestsLibrary">
<arg>409</arg>
<doc>Fails if response status code is different than the expected.</doc>
<status status="PASS" starttime="20220323 17:20:45.658" endtime="20220323 17:20:45.659"/>
</kw>
<kw name="Should Be Equal" library="BuiltIn">
<arg>${response.json()}[message]</arg>
<arg>Duplicate company name</arg>
<doc>Fails if the given objects are unequal.</doc>
<status status="PASS" starttime="20220323 17:20:45.659" endtime="20220323 17:20:45.660"/>
</kw>
<status status="PASS" starttime="20220323 17:20:43.803" endtime="20220323 17:20:45.660"/>
</test>
<doc>POST /partners</doc>
<status status="PASS" starttime="20220323 17:20:40.597" endtime="20220323 17:20:45.661"/>
</suite>
<suite id="s1-s4" name="Put" source="/home/jorge/qaninja/buger-eats-partner-api-tests/tests/put.robot">
<test id="s1-s4-t1" name="Should enable a partner">
<kw name="Factory Enable Partner" library="partner">
<var>${partner}</var>
<msg timestamp="20220323 17:20:45.666" level="INFO">${partner} = {'name': 'Casa do Cabral', 'email': 'contato@cabral.com.br', 'whatsapp': '11999999999', 'business': 'Restaurante'}</msg>
<status status="PASS" starttime="20220323 17:20:45.666" endtime="20220323 17:20:45.666"/>
</kw>
<kw name="Create a new partner" library="helpers">
<var>${partner_id}</var>
<arg>${partner}</arg>
<kw name="Remove Partner By Name" library="database">
<arg>${partner}[name]</arg>
<kw name="Create Dictionary" library="BuiltIn">
<var>${filter}</var>
<arg>name=${partner_name}</arg>
<doc>Creates and returns a dictionary based on the given ``items``.</doc>
<msg timestamp="20220323 17:20:45.668" level="INFO">${filter} = {'name': 'Casa do Cabral'}</msg>
<status status="PASS" starttime="20220323 17:20:45.667" endtime="20220323 17:20:45.668"/>
</kw>
<kw name="Delete One" library="RobotMongoDBLibrary.Delete">
<arg>${MONGO_URI}</arg>
<arg>${filter}</arg>
<status status="PASS" starttime="20220323 17:20:45.668" endtime="20220323 17:20:47.081"/>
</kw>
<status status="PASS" starttime="20220323 17:20:45.667" endtime="20220323 17:20:47.082"/>
</kw>
<kw name="Post Partner" library="services">
<var>${response}</var>
<arg>${partner}</arg>
<kw name="POST" library="RequestsLibrary">
<var>${response}</var>
<arg>${BASE_URL}</arg>
<arg>json=${payload}</arg>
<arg>headers=${HEADERS}</arg>
<arg>expected_status=any</arg>
<doc>Sends a POST request.</doc>
<msg timestamp="20220323 17:20:47.254" level="INFO">POST Request : url=http://localhost:3333/partners 
 path_url=/partners 
 headers={'User-Agent': 'python-requests/2.22.0', 'Accept-Encoding': 'gzip, deflate', 'Accept': '*/*', 'Connection': 'keep-alive', 'Content-Type': 'application/json', 'auth_user': 'qa', 'auth_password': 'ninja', 'Content-Length': '114'} 
 body=b'{"name": "Casa do Cabral", "email": "contato@cabral.com.br", "whatsapp": "11999999999", "business": "Restaurante"}' 
 </msg>
<msg timestamp="20220323 17:20:47.255" level="INFO">POST Response : url=http://localhost:3333/partners 
 status=201, reason=Created 
 headers={'X-Powered-By': 'Express', 'Access-Control-Allow-Origin': '*', 'Access-Control-Expose-Headers': 'Authorization,auth_user,auth_password', 'Content-Type': 'application/json; charset=utf-8', 'Content-Length': '41', 'ETag': 'W/"29-qysZjAoXOGKOL3V+dpq7uc+nqUs"', 'Date': 'Wed, 23 Mar 2022 20:20:47 GMT', 'Connection': 'keep-alive', 'Keep-Alive': 'timeout=5'} 
 body={"partner_id":"623b811f8809a8a18cfd7679"} 
 </msg>
<msg timestamp="20220323 17:20:47.255" level="INFO">${response} = &lt;Response [201]&gt;</msg>
<status status="PASS" starttime="20220323 17:20:47.084" endtime="20220323 17:20:47.256"/>
</kw>
<msg timestamp="20220323 17:20:47.257" level="INFO">${response} = &lt;Response [201]&gt;</msg>
<status status="PASS" starttime="20220323 17:20:47.083" endtime="20220323 17:20:47.257"/>
</kw>
<kw name="Set Variable" library="BuiltIn">
<var>${partner_id}</var>
<arg>${response.json()}[partner_id]</arg>
<doc>Returns the given values which can then be assigned to a variables.</doc>
<msg timestamp="20220323 17:20:47.260" level="INFO">${partner_id} = 623b811f8809a8a18cfd7679</msg>
<status status="PASS" starttime="20220323 17:20:47.257" endtime="20220323 17:20:47.260"/>
</kw>
<msg timestamp="20220323 17:20:47.261" level="INFO">${partner_id} = 623b811f8809a8a18cfd7679</msg>
<status status="PASS" starttime="20220323 17:20:45.667" endtime="20220323 17:20:47.261"/>
</kw>
<kw name="Enable Partner" library="services">
<var>${response}</var>
<arg>${partner_id}</arg>
<kw name="PUT" library="RequestsLibrary">
<var>${response}</var>
<arg>${BASE_URL}/${partner_id}/enable</arg>
<arg>headers=${HEADERS}</arg>
<arg>expected_status=any</arg>
<doc>Sends a PUT request.</doc>
<msg timestamp="20220323 17:20:47.433" level="INFO">PUT Request : url=http://localhost:3333/partners/623b811f8809a8a18cfd7679/enable 
 path_url=/partners/623b811f8809a8a18cfd7679/enable 
 headers={'User-Agent': 'python-requests/2.22.0', 'Accept-Encoding': 'gzip, deflate', 'Accept': '*/*', 'Connection': 'keep-alive', 'Content-Type': 'application/json', 'auth_user': 'qa', 'auth_password': 'ninja', 'Content-Length': '0'} 
 body=None 
 </msg>
<msg timestamp="20220323 17:20:47.434" level="INFO">PUT Response : url=http://localhost:3333/partners/623b811f8809a8a18cfd7679/enable 
 status=200, reason=OK 
 headers={'X-Powered-By': 'Express', 'Access-Control-Allow-Origin': '*', 'Access-Control-Expose-Headers': 'Authorization,auth_user,auth_password', 'Date': 'Wed, 23 Mar 2022 20:20:47 GMT', 'Connection': 'keep-alive', 'Keep-Alive': 'timeout=5', 'Content-Length': '0'} 
 body=None 
 </msg>
<msg timestamp="20220323 17:20:47.434" level="INFO">${response} = &lt;Response [200]&gt;</msg>
<status status="PASS" starttime="20220323 17:20:47.264" endtime="20220323 17:20:47.435"/>
</kw>
<msg timestamp="20220323 17:20:47.436" level="INFO">${response} = &lt;Response [200]&gt;</msg>
<status status="PASS" starttime="20220323 17:20:47.262" endtime="20220323 17:20:47.436"/>
</kw>
<kw name="Status Should Be" library="RequestsLibrary">
<arg>200</arg>
<doc>Fails if response status code is different than the expected.</doc>
<status status="PASS" starttime="20220323 17:20:47.437" endtime="20220323 17:20:47.438"/>
</kw>
<status status="PASS" starttime="20220323 17:20:45.666" endtime="20220323 17:20:47.439"/>
</test>
<test id="s1-s4-t2" name="Should disable a partner">
<kw name="Factory Enable Partner" library="partner">
<var>${partner}</var>
<msg timestamp="20220323 17:20:47.442" level="INFO">${partner} = {'name': 'Casa do Cabral', 'email': 'contato@cabral.com.br', 'whatsapp': '11999999999', 'business': 'Restaurante'}</msg>
<status status="PASS" starttime="20220323 17:20:47.442" endtime="20220323 17:20:47.443"/>
</kw>
<kw name="Create a new partner" library="helpers">
<var>${partner_id}</var>
<arg>${partner}</arg>
<kw name="Remove Partner By Name" library="database">
<arg>${partner}[name]</arg>
<kw name="Create Dictionary" library="BuiltIn">
<var>${filter}</var>
<arg>name=${partner_name}</arg>
<doc>Creates and returns a dictionary based on the given ``items``.</doc>
<msg timestamp="20220323 17:20:47.450" level="INFO">${filter} = {'name': 'Casa do Cabral'}</msg>
<status status="PASS" starttime="20220323 17:20:47.448" endtime="20220323 17:20:47.451"/>
</kw>
<kw name="Delete One" library="RobotMongoDBLibrary.Delete">
<arg>${MONGO_URI}</arg>
<arg>${filter}</arg>
<status status="PASS" starttime="20220323 17:20:47.451" endtime="20220323 17:20:48.907"/>
</kw>
<status status="PASS" starttime="20220323 17:20:47.445" endtime="20220323 17:20:48.908"/>
</kw>
<kw name="Post Partner" library="services">
<var>${response}</var>
<arg>${partner}</arg>
<kw name="POST" library="RequestsLibrary">
<var>${response}</var>
<arg>${BASE_URL}</arg>
<arg>json=${payload}</arg>
<arg>headers=${HEADERS}</arg>
<arg>expected_status=any</arg>
<doc>Sends a POST request.</doc>
<msg timestamp="20220323 17:20:49.083" level="INFO">POST Request : url=http://localhost:3333/partners 
 path_url=/partners 
 headers={'User-Agent': 'python-requests/2.22.0', 'Accept-Encoding': 'gzip, deflate', 'Accept': '*/*', 'Connection': 'keep-alive', 'Content-Type': 'application/json', 'auth_user': 'qa', 'auth_password': 'ninja', 'Content-Length': '114'} 
 body=b'{"name": "Casa do Cabral", "email": "contato@cabral.com.br", "whatsapp": "11999999999", "business": "Restaurante"}' 
 </msg>
<msg timestamp="20220323 17:20:49.084" level="INFO">POST Response : url=http://localhost:3333/partners 
 status=201, reason=Created 
 headers={'X-Powered-By': 'Express', 'Access-Control-Allow-Origin': '*', 'Access-Control-Expose-Headers': 'Authorization,auth_user,auth_password', 'Content-Type': 'application/json; charset=utf-8', 'Content-Length': '41', 'ETag': 'W/"29-KgEDi8eQCivmrZGPSrjYI++vncI"', 'Date': 'Wed, 23 Mar 2022 20:20:49 GMT', 'Connection': 'keep-alive', 'Keep-Alive': 'timeout=5'} 
 body={"partner_id":"623b81208809a8a18cfd767c"} 
 </msg>
<msg timestamp="20220323 17:20:49.084" level="INFO">${response} = &lt;Response [201]&gt;</msg>
<status status="PASS" starttime="20220323 17:20:48.910" endtime="20220323 17:20:49.085"/>
</kw>
<msg timestamp="20220323 17:20:49.086" level="INFO">${response} = &lt;Response [201]&gt;</msg>
<status status="PASS" starttime="20220323 17:20:48.908" endtime="20220323 17:20:49.086"/>
</kw>
<kw name="Set Variable" library="BuiltIn">
<var>${partner_id}</var>
<arg>${response.json()}[partner_id]</arg>
<doc>Returns the given values which can then be assigned to a variables.</doc>
<msg timestamp="20220323 17:20:49.089" level="INFO">${partner_id} = 623b81208809a8a18cfd767c</msg>
<status status="PASS" starttime="20220323 17:20:49.086" endtime="20220323 17:20:49.089"/>
</kw>
<msg timestamp="20220323 17:20:49.090" level="INFO">${partner_id} = 623b81208809a8a18cfd767c</msg>
<status status="PASS" starttime="20220323 17:20:47.443" endtime="20220323 17:20:49.090"/>
</kw>
<kw name="Enable Partner" library="services">
<arg>${partner_id}</arg>
<kw name="PUT" library="RequestsLibrary">
<var>${response}</var>
<arg>${BASE_URL}/${partner_id}/enable</arg>
<arg>headers=${HEADERS}</arg>
<arg>expected_status=any</arg>
<doc>Sends a PUT request.</doc>
<msg timestamp="20220323 17:20:49.269" level="INFO">PUT Request : url=http://localhost:3333/partners/623b81208809a8a18cfd767c/enable 
 path_url=/partners/623b81208809a8a18cfd767c/enable 
 headers={'User-Agent': 'python-requests/2.22.0', 'Accept-Encoding': 'gzip, deflate', 'Accept': '*/*', 'Connection': 'keep-alive', 'Content-Type': 'application/json', 'auth_user': 'qa', 'auth_password': 'ninja', 'Content-Length': '0'} 
 body=None 
 </msg>
<msg timestamp="20220323 17:20:49.269" level="INFO">PUT Response : url=http://localhost:3333/partners/623b81208809a8a18cfd767c/enable 
 status=200, reason=OK 
 headers={'X-Powered-By': 'Express', 'Access-Control-Allow-Origin': '*', 'Access-Control-Expose-Headers': 'Authorization,auth_user,auth_password', 'Date': 'Wed, 23 Mar 2022 20:20:49 GMT', 'Connection': 'keep-alive', 'Keep-Alive': 'timeout=5', 'Content-Length': '0'} 
 body=None 
 </msg>
<msg timestamp="20220323 17:20:49.269" level="INFO">${response} = &lt;Response [200]&gt;</msg>
<status status="PASS" starttime="20220323 17:20:49.093" endtime="20220323 17:20:49.269"/>
</kw>
<status status="PASS" starttime="20220323 17:20:49.091" endtime="20220323 17:20:49.269"/>
</kw>
<kw name="Disable Partner" library="services">
<var>${response}</var>
<arg>${partner_id}</arg>
<kw name="PUT" library="RequestsLibrary">
<var>${response}</var>
<arg>${BASE_URL}/${partner_id}/disable</arg>
<arg>headers=${HEADERS}</arg>
<arg>expected_status=any</arg>
<doc>Sends a PUT request.</doc>
<msg timestamp="20220323 17:20:49.436" level="INFO">PUT Request : url=http://localhost:3333/partners/623b81208809a8a18cfd767c/disable 
 path_url=/partners/623b81208809a8a18cfd767c/disable 
 headers={'User-Agent': 'python-requests/2.22.0', 'Accept-Encoding': 'gzip, deflate', 'Accept': '*/*', 'Connection': 'keep-alive', 'Content-Type': 'application/json', 'auth_user': 'qa', 'auth_password': 'ninja', 'Content-Length': '0'} 
 body=None 
 </msg>
<msg timestamp="20220323 17:20:49.437" level="INFO">PUT Response : url=http://localhost:3333/partners/623b81208809a8a18cfd767c/disable 
 status=200, reason=OK 
 headers={'X-Powered-By': 'Express', 'Access-Control-Allow-Origin': '*', 'Access-Control-Expose-Headers': 'Authorization,auth_user,auth_password', 'Date': 'Wed, 23 Mar 2022 20:20:49 GMT', 'Connection': 'keep-alive', 'Keep-Alive': 'timeout=5', 'Content-Length': '0'} 
 body=None 
 </msg>
<msg timestamp="20220323 17:20:49.437" level="INFO">${response} = &lt;Response [200]&gt;</msg>
<status status="PASS" starttime="20220323 17:20:49.270" endtime="20220323 17:20:49.437"/>
</kw>
<msg timestamp="20220323 17:20:49.439" level="INFO">${response} = &lt;Response [200]&gt;</msg>
<status status="PASS" starttime="20220323 17:20:49.270" endtime="20220323 17:20:49.439"/>
</kw>
<kw name="Status Should Be" library="RequestsLibrary">
<arg>200</arg>
<doc>Fails if response status code is different than the expected.</doc>
<status status="PASS" starttime="20220323 17:20:49.440" endtime="20220323 17:20:49.440"/>
</kw>
<status status="PASS" starttime="20220323 17:20:47.440" endtime="20220323 17:20:49.441"/>
</test>
<test id="s1-s4-t3" name="Should return 404 on enable a partner">
<kw name="Factory 404 Partner" library="partner">
<var>${partner}</var>
<msg timestamp="20220323 17:20:49.445" level="INFO">${partner} = {'name': 'Frangão', 'email': 'contato@frangao.com.br', 'whatsapp': '11999999999', 'business': 'Restaurante'}</msg>
<status status="PASS" starttime="20220323 17:20:49.444" endtime="20220323 17:20:49.445"/>
</kw>
<kw name="Create a new partner" library="helpers">
<var>${partner_id}</var>
<arg>${partner}</arg>
<kw name="Remove Partner By Name" library="database">
<arg>${partner}[name]</arg>
<kw name="Create Dictionary" library="BuiltIn">
<var>${filter}</var>
<arg>name=${partner_name}</arg>
<doc>Creates and returns a dictionary based on the given ``items``.</doc>
<msg timestamp="20220323 17:20:49.450" level="INFO">${filter} = {'name': 'Frangão'}</msg>
<status status="PASS" starttime="20220323 17:20:49.449" endtime="20220323 17:20:49.451"/>
</kw>
<kw name="Delete One" library="RobotMongoDBLibrary.Delete">
<arg>${MONGO_URI}</arg>
<arg>${filter}</arg>
<status status="PASS" starttime="20220323 17:20:49.451" endtime="20220323 17:20:50.961"/>
</kw>
<status status="PASS" starttime="20220323 17:20:49.447" endtime="20220323 17:20:50.962"/>
</kw>
<kw name="Post Partner" library="services">
<var>${response}</var>
<arg>${partner}</arg>
<kw name="POST" library="RequestsLibrary">
<var>${response}</var>
<arg>${BASE_URL}</arg>
<arg>json=${payload}</arg>
<arg>headers=${HEADERS}</arg>
<arg>expected_status=any</arg>
<doc>Sends a POST request.</doc>
<msg timestamp="20220323 17:20:51.145" level="INFO">POST Request : url=http://localhost:3333/partners 
 path_url=/partners 
 headers={'User-Agent': 'python-requests/2.22.0', 'Accept-Encoding': 'gzip, deflate', 'Accept': '*/*', 'Connection': 'keep-alive', 'Content-Type': 'application/json', 'auth_user': 'qa', 'auth_password': 'ninja', 'Content-Length': '113'} 
 body=b'{"name": "Frang\\u00e3o", "email": "contato@frangao.com.br", "whatsapp": "11999999999", "business": "Restaurante"}' 
 </msg>
<msg timestamp="20220323 17:20:51.145" level="INFO">POST Response : url=http://localhost:3333/partners 
 status=201, reason=Created 
 headers={'X-Powered-By': 'Express', 'Access-Control-Allow-Origin': '*', 'Access-Control-Expose-Headers': 'Authorization,auth_user,auth_password', 'Content-Type': 'application/json; charset=utf-8', 'Content-Length': '41', 'ETag': 'W/"29-pXt04Ja3q5Q20t1yLdfi0rk5QhE"', 'Date': 'Wed, 23 Mar 2022 20:20:51 GMT', 'Connection': 'keep-alive', 'Keep-Alive': 'timeout=5'} 
 body={"partner_id":"623b81228809a8a18cfd7680"} 
 </msg>
<msg timestamp="20220323 17:20:51.146" level="INFO">${response} = &lt;Response [201]&gt;</msg>
<status status="PASS" starttime="20220323 17:20:50.964" endtime="20220323 17:20:51.146"/>
</kw>
<msg timestamp="20220323 17:20:51.147" level="INFO">${response} = &lt;Response [201]&gt;</msg>
<status status="PASS" starttime="20220323 17:20:50.962" endtime="20220323 17:20:51.147"/>
</kw>
<kw name="Set Variable" library="BuiltIn">
<var>${partner_id}</var>
<arg>${response.json()}[partner_id]</arg>
<doc>Returns the given values which can then be assigned to a variables.</doc>
<msg timestamp="20220323 17:20:51.150" level="INFO">${partner_id} = 623b81228809a8a18cfd7680</msg>
<status status="PASS" starttime="20220323 17:20:51.147" endtime="20220323 17:20:51.150"/>
</kw>
<msg timestamp="20220323 17:20:51.151" level="INFO">${partner_id} = 623b81228809a8a18cfd7680</msg>
<status status="PASS" starttime="20220323 17:20:49.446" endtime="20220323 17:20:51.151"/>
</kw>
<kw name="Remove Partner By Name" library="database">
<arg>${partner}[name]</arg>
<kw name="Create Dictionary" library="BuiltIn">
<var>${filter}</var>
<arg>name=${partner_name}</arg>
<doc>Creates and returns a dictionary based on the given ``items``.</doc>
<msg timestamp="20220323 17:20:51.155" level="INFO">${filter} = {'name': 'Frangão'}</msg>
<status status="PASS" starttime="20220323 17:20:51.153" endtime="20220323 17:20:51.155"/>
</kw>
<kw name="Delete One" library="RobotMongoDBLibrary.Delete">
<arg>${MONGO_URI}</arg>
<arg>${filter}</arg>
<status status="PASS" starttime="20220323 17:20:51.155" endtime="20220323 17:20:52.685"/>
</kw>
<status status="PASS" starttime="20220323 17:20:51.152" endtime="20220323 17:20:52.685"/>
</kw>
<kw name="Enable Partner" library="services">
<var>${response}</var>
<arg>${partner_id}</arg>
<kw name="PUT" library="RequestsLibrary">
<var>${response}</var>
<arg>${BASE_URL}/${partner_id}/enable</arg>
<arg>headers=${HEADERS}</arg>
<arg>expected_status=any</arg>
<doc>Sends a PUT request.</doc>
<msg timestamp="20220323 17:20:52.844" level="INFO">PUT Request : url=http://localhost:3333/partners/623b81228809a8a18cfd7680/enable 
 path_url=/partners/623b81228809a8a18cfd7680/enable 
 headers={'User-Agent': 'python-requests/2.22.0', 'Accept-Encoding': 'gzip, deflate', 'Accept': '*/*', 'Connection': 'keep-alive', 'Content-Type': 'application/json', 'auth_user': 'qa', 'auth_password': 'ninja', 'Content-Length': '0'} 
 body=None 
 </msg>
<msg timestamp="20220323 17:20:52.844" level="INFO">PUT Response : url=http://localhost:3333/partners/623b81228809a8a18cfd7680/enable 
 status=404, reason=Not Found 
 headers={'X-Powered-By': 'Express', 'Access-Control-Allow-Origin': '*', 'Access-Control-Expose-Headers': 'Authorization,auth_user,auth_password', 'Date': 'Wed, 23 Mar 2022 20:20:52 GMT', 'Connection': 'keep-alive', 'Keep-Alive': 'timeout=5', 'Content-Length': '0'} 
 body=None 
 </msg>
<msg timestamp="20220323 17:20:52.844" level="INFO">${response} = &lt;Response [404]&gt;</msg>
<status status="PASS" starttime="20220323 17:20:52.686" endtime="20220323 17:20:52.845"/>
</kw>
<msg timestamp="20220323 17:20:52.845" level="INFO">${response} = &lt;Response [404]&gt;</msg>
<status status="PASS" starttime="20220323 17:20:52.685" endtime="20220323 17:20:52.845"/>
</kw>
<kw name="Status Should Be" library="RequestsLibrary">
<arg>404</arg>
<doc>Fails if response status code is different than the expected.</doc>
<status status="PASS" starttime="20220323 17:20:52.846" endtime="20220323 17:20:52.846"/>
</kw>
<status status="PASS" starttime="20220323 17:20:49.442" endtime="20220323 17:20:52.846"/>
</test>
<test id="s1-s4-t4" name="Should return 404 on disable a partner">
<kw name="Factory 404 Partner" library="partner">
<var>${partner}</var>
<msg timestamp="20220323 17:20:52.848" level="INFO">${partner} = {'name': 'Frangão', 'email': 'contato@frangao.com.br', 'whatsapp': '11999999999', 'business': 'Restaurante'}</msg>
<status status="PASS" starttime="20220323 17:20:52.848" endtime="20220323 17:20:52.848"/>
</kw>
<kw name="Create a new partner" library="helpers">
<var>${partner_id}</var>
<arg>${partner}</arg>
<kw name="Remove Partner By Name" library="database">
<arg>${partner}[name]</arg>
<kw name="Create Dictionary" library="BuiltIn">
<var>${filter}</var>
<arg>name=${partner_name}</arg>
<doc>Creates and returns a dictionary based on the given ``items``.</doc>
<msg timestamp="20220323 17:20:52.850" level="INFO">${filter} = {'name': 'Frangão'}</msg>
<status status="PASS" starttime="20220323 17:20:52.850" endtime="20220323 17:20:52.850"/>
</kw>
<kw name="Delete One" library="RobotMongoDBLibrary.Delete">
<arg>${MONGO_URI}</arg>
<arg>${filter}</arg>
<status status="PASS" starttime="20220323 17:20:52.850" endtime="20220323 17:20:54.287"/>
</kw>
<status status="PASS" starttime="20220323 17:20:52.849" endtime="20220323 17:20:54.287"/>
</kw>
<kw name="Post Partner" library="services">
<var>${response}</var>
<arg>${partner}</arg>
<kw name="POST" library="RequestsLibrary">
<var>${response}</var>
<arg>${BASE_URL}</arg>
<arg>json=${payload}</arg>
<arg>headers=${HEADERS}</arg>
<arg>expected_status=any</arg>
<doc>Sends a POST request.</doc>
<msg timestamp="20220323 17:20:54.529" level="INFO">POST Request : url=http://localhost:3333/partners 
 path_url=/partners 
 headers={'User-Agent': 'python-requests/2.22.0', 'Accept-Encoding': 'gzip, deflate', 'Accept': '*/*', 'Connection': 'keep-alive', 'Content-Type': 'application/json', 'auth_user': 'qa', 'auth_password': 'ninja', 'Content-Length': '113'} 
 body=b'{"name": "Frang\\u00e3o", "email": "contato@frangao.com.br", "whatsapp": "11999999999", "business": "Restaurante"}' 
 </msg>
<msg timestamp="20220323 17:20:54.530" level="INFO">POST Response : url=http://localhost:3333/partners 
 status=201, reason=Created 
 headers={'X-Powered-By': 'Express', 'Access-Control-Allow-Origin': '*', 'Access-Control-Expose-Headers': 'Authorization,auth_user,auth_password', 'Content-Type': 'application/json; charset=utf-8', 'Content-Length': '41', 'ETag': 'W/"29-JeG6vj1ezwJz93lO0ubZdHevQGc"', 'Date': 'Wed, 23 Mar 2022 20:20:54 GMT', 'Connection': 'keep-alive', 'Keep-Alive': 'timeout=5'} 
 body={"partner_id":"623b81268809a8a18cfd7683"} 
 </msg>
<msg timestamp="20220323 17:20:54.530" level="INFO">${response} = &lt;Response [201]&gt;</msg>
<status status="PASS" starttime="20220323 17:20:54.287" endtime="20220323 17:20:54.531"/>
</kw>
<msg timestamp="20220323 17:20:54.532" level="INFO">${response} = &lt;Response [201]&gt;</msg>
<status status="PASS" starttime="20220323 17:20:54.287" endtime="20220323 17:20:54.532"/>
</kw>
<kw name="Set Variable" library="BuiltIn">
<var>${partner_id}</var>
<arg>${response.json()}[partner_id]</arg>
<doc>Returns the given values which can then be assigned to a variables.</doc>
<msg timestamp="20220323 17:20:54.537" level="INFO">${partner_id} = 623b81268809a8a18cfd7683</msg>
<status status="PASS" starttime="20220323 17:20:54.533" endtime="20220323 17:20:54.537"/>
</kw>
<msg timestamp="20220323 17:20:54.538" level="INFO">${partner_id} = 623b81268809a8a18cfd7683</msg>
<status status="PASS" starttime="20220323 17:20:52.848" endtime="20220323 17:20:54.538"/>
</kw>
<kw name="Remove Partner By Name" library="database">
<arg>${partner}[name]</arg>
<kw name="Create Dictionary" library="BuiltIn">
<var>${filter}</var>
<arg>name=${partner_name}</arg>
<doc>Creates and returns a dictionary based on the given ``items``.</doc>
<msg timestamp="20220323 17:20:54.541" level="INFO">${filter} = {'name': 'Frangão'}</msg>
<status status="PASS" starttime="20220323 17:20:54.540" endtime="20220323 17:20:54.541"/>
</kw>
<kw name="Delete One" library="RobotMongoDBLibrary.Delete">
<arg>${MONGO_URI}</arg>
<arg>${filter}</arg>
<status status="PASS" starttime="20220323 17:20:54.541" endtime="20220323 17:20:56.057"/>
</kw>
<status status="PASS" starttime="20220323 17:20:54.538" endtime="20220323 17:20:56.058"/>
</kw>
<kw name="Disable Partner" library="services">
<var>${response}</var>
<arg>${partner_id}</arg>
<kw name="PUT" library="RequestsLibrary">
<var>${response}</var>
<arg>${BASE_URL}/${partner_id}/disable</arg>
<arg>headers=${HEADERS}</arg>
<arg>expected_status=any</arg>
<doc>Sends a PUT request.</doc>
<msg timestamp="20220323 17:20:56.229" level="INFO">PUT Request : url=http://localhost:3333/partners/623b81268809a8a18cfd7683/disable 
 path_url=/partners/623b81268809a8a18cfd7683/disable 
 headers={'User-Agent': 'python-requests/2.22.0', 'Accept-Encoding': 'gzip, deflate', 'Accept': '*/*', 'Connection': 'keep-alive', 'Content-Type': 'application/json', 'auth_user': 'qa', 'auth_password': 'ninja', 'Content-Length': '0'} 
 body=None 
 </msg>
<msg timestamp="20220323 17:20:56.229" level="INFO">PUT Response : url=http://localhost:3333/partners/623b81268809a8a18cfd7683/disable 
 status=404, reason=Not Found 
 headers={'X-Powered-By': 'Express', 'Access-Control-Allow-Origin': '*', 'Access-Control-Expose-Headers': 'Authorization,auth_user,auth_password', 'Date': 'Wed, 23 Mar 2022 20:20:56 GMT', 'Connection': 'keep-alive', 'Keep-Alive': 'timeout=5', 'Content-Length': '0'} 
 body=None 
 </msg>
<msg timestamp="20220323 17:20:56.230" level="INFO">${response} = &lt;Response [404]&gt;</msg>
<status status="PASS" starttime="20220323 17:20:56.061" endtime="20220323 17:20:56.230"/>
</kw>
<msg timestamp="20220323 17:20:56.231" level="INFO">${response} = &lt;Response [404]&gt;</msg>
<status status="PASS" starttime="20220323 17:20:56.059" endtime="20220323 17:20:56.231"/>
</kw>
<kw name="Status Should Be" library="RequestsLibrary">
<arg>404</arg>
<doc>Fails if response status code is different than the expected.</doc>
<status status="PASS" starttime="20220323 17:20:56.232" endtime="20220323 17:20:56.232"/>
</kw>
<status status="PASS" starttime="20220323 17:20:52.847" endtime="20220323 17:20:56.233"/>
</test>
<doc>Put /partners</doc>
<status status="PASS" starttime="20220323 17:20:45.662" endtime="20220323 17:20:56.235"/>
</suite>
<status status="PASS" starttime="20220323 17:20:34.189" endtime="20220323 17:20:56.241"/>
</suite>
<statistics>
<total>
<stat pass="10" fail="0" skip="0">All Tests</stat>
</total>
<tag>
</tag>
<suite>
<stat pass="10" fail="0" skip="0" id="s1" name="Tests">Tests</stat>
<stat pass="2" fail="0" skip="0" id="s1-s1" name="Delete">Tests.Delete</stat>
<stat pass="2" fail="0" skip="0" id="s1-s2" name="Get">Tests.Get</stat>
<stat pass="2" fail="0" skip="0" id="s1-s3" name="Post">Tests.Post</stat>
<stat pass="4" fail="0" skip="0" id="s1-s4" name="Put">Tests.Put</stat>
</suite>
</statistics>
<errors>
</errors>
</robot>
